<?xml version="1.0" encoding="UTF-8"?>
<!-- Generated by org.testng.reporters.JUnitReportReporter -->
<testsuite hostname="santosh-PC" name="day1.module1" tests="2" failures="0" timestamp="6 Jun 2020 05:23:00 GMT" time="0.147" errors="0">
  <testcase name="test2" time="0.004" classname="day1.module1"/>
  <testcase name="test1" time="0.143" classname="day1.module1"/>
</testsuite> <!-- day1.module1 -->
