<?xml version="1.0" encoding="UTF-8"?>
<!-- Generated by org.testng.reporters.JUnitReportReporter -->
<testsuite hostname="santosh-PC" name="day1.module2" tests="1" failures="0" timestamp="6 Jun 2020 05:23:00 GMT" time="0.001" errors="0">
  <testcase name="test3" time="0.001" classname="day1.module2"/>
</testsuite> <!-- day1.module2 -->
