<?xml version="1.0" encoding="UTF-8"?>
<!-- Generated by org.testng.reporters.JUnitReportReporter -->
<testsuite hostname="santosh-PC" name="day1.Personal_loan" tests="1" failures="0" timestamp="6 Jun 2020 06:45:03 GMT" time="0.018" errors="0">
  <testcase name="WebLoginPersonalLoan" time="0.018" classname="day1.Personal_loan"/>
</testsuite> <!-- day1.Personal_loan -->
